# JRE version: OpenJDK Runtime Environment (11.0.15) (build 11.0.15+0-b2043.56-9505619)
# Java VM: OpenJDK 64-Bit Server VM (11.0.15+0-b2043.56-9505619, mixed mode, tiered, compressed oops, g1 gc, windows-amd64)
Heap:
 garbage-first heap   total 126976K, used 36951K [0x0000000080000000, 0x0000000100000000)
  region size 1024K, 21 young (21504K), 5 survivors (5120K)
 Metaspace       used 32178K, capacity 33081K, committed 33200K, reserved 1077248K
  class space    used 4267K, capacity 4577K, committed 4608K, reserved 1048576K
GC Heap History (10 events):
Event: 5.916 GC heap before
{Heap before GC invocations=0 (full 0):
 garbage-first heap   total 126976K, used 27648K [0x0000000080000000, 0x0000000100000000)
  region size 1024K, 24 young (24576K), 0 survivors (0K)
 Metaspace       used 10074K, capacity 10324K, committed 10624K, reserved 1058816K
  class space    used 1022K, capacity 1105K, committed 1152K, reserved 1048576K
}
Event: 5.931 GC heap after
{Heap after GC invocations=1 (full 0):
 garbage-first heap   total 126976K, used 10330K [0x0000000080000000, 0x0000000100000000)
  region size 1024K, 3 young (3072K), 3 survivors (3072K)
 Metaspace       used 10074K, capacity 10324K, committed 10624K, reserved 1058816K
  class space    used 1022K, capacity 1105K, committed 1152K, reserved 1048576K
}
Event: 34.682 GC heap before
{Heap before GC invocations=1 (full 0):
 garbage-first heap   total 126976K, used 84058K [0x0000000080000000, 0x0000000100000000)
  region size 1024K, 74 young (75776K), 3 survivors (3072K)
 Metaspace       used 18100K, capacity 18556K, committed 18688K, reserved 1064960K
  class space    used 2083K, capacity 2212K, committed 2304K, reserved 1048576K
}
Event: 34.792 GC heap after
{Heap after GC invocations=2 (full 0):
 garbage-first heap   total 126976K, used 17316K [0x0000000080000000, 0x0000000100000000)
  region size 1024K, 10 young (10240K), 10 survivors (10240K)
 Metaspace       used 18100K, capacity 18556K, committed 18688K, reserved 1064960K
  class space    used 2083K, capacity 2212K, committed 2304K, reserved 1048576K
}
Event: 36.679 GC heap before
{Heap before GC invocations=2 (full 0):
 garbage-first heap   total 126976K, used 36772K [0x0000000080000000, 0x0000000100000000)
  region size 1024K, 31 young (31744K), 10 survivors (10240K)
 Metaspace       used 20742K, capacity 21217K, committed 21296K, reserved 1069056K
  class space    used 2483K, capacity 2681K, committed 2688K, reserved 1048576K
}
Event: 36.709 GC heap after
{Heap after GC invocations=3 (full 0):
 garbage-first heap   total 126976K, used 18311K [0x0000000080000000, 0x0000000100000000)
  region size 1024K, 2 young (2048K), 2 survivors (2048K)
 Metaspace       used 20742K, capacity 21217K, committed 21296K, reserved 1069056K
  class space    used 2483K, capacity 2681K, committed 2688K, reserved 1048576K
}
Event: 39.915 GC heap before
{Heap before GC invocations=4 (full 0):
 garbage-first heap   total 126976K, used 67463K [0x0000000080000000, 0x0000000100000000)
  region size 1024K, 50 young (51200K), 2 survivors (2048K)
 Metaspace       used 24881K, capacity 25552K, committed 25648K, reserved 1071104K
  class space    used 3158K, capacity 3383K, committed 3456K, reserved 1048576K
}
Event: 39.925 GC heap after
{Heap after GC invocations=5 (full 0):
 garbage-first heap   total 126976K, used 19702K [0x0000000080000000, 0x0000000100000000)
  region size 1024K, 3 young (3072K), 3 survivors (3072K)
 Metaspace       used 24881K, capacity 25552K, committed 25648K, reserved 1071104K
  class space    used 3158K, capacity 3383K, committed 3456K, reserved 1048576K
}
Event: 42.867 GC heap before
{Heap before GC invocations=5 (full 0):
 garbage-first heap   total 126976K, used 77046K [0x0000000080000000, 0x0000000100000000)
  region size 1024K, 59 young (60416K), 3 survivors (3072K)
 Metaspace       used 30258K, capacity 31032K, committed 31152K, reserved 1077248K
  class space    used 3996K, capacity 4279K, committed 4352K, reserved 1048576K
}
Event: 42.882 GC heap after
{Heap after GC invocations=6 (full 0):
 garbage-first heap   total 126976K, used 21591K [0x0000000080000000, 0x0000000100000000)
  region size 1024K, 5 young (5120K), 5 survivors (5120K)
 Metaspace       used 30258K, capacity 31032K, committed 31152K, reserved 1077248K
  class space    used 3996K, capacity 4279K, committed 4352K, reserved 1048576K
}

