# JRE version: OpenJDK Runtime Environment (11.0.15) (build 11.0.15+0-b2043.56-9505619)
# Java VM: OpenJDK 64-Bit Server VM (11.0.15+0-b2043.56-9505619, mixed mode, tiered, compressed oops, g1 gc, windows-amd64)
Heap:
 garbage-first heap   total 382976K, used 289792K [0x0000000080000000, 0x0000000100000000)
  region size 1024K, 13 young (13312K), 6 survivors (6144K)
 Metaspace       used 121990K, capacity 125715K, committed 125872K, reserved 1159168K
  class space    used 14675K, capacity 16022K, committed 16128K, reserved 1048576K
GC Heap History (20 events):
Event: 4126.950 GC heap before
{Heap before GC invocations=197 (full 0):
 garbage-first heap   total 382976K, used 229620K [0x0000000080000000, 0x0000000100000000)
  region size 1024K, 29 young (29696K), 4 survivors (4096K)
 Metaspace       used 110360K, capacity 113806K, committed 113968K, reserved 1148928K
  class space    used 13414K, capacity 14630K, committed 14720K, reserved 1048576K
}
Event: 4126.996 GC heap after
{Heap after GC invocations=198 (full 0):
 garbage-first heap   total 382976K, used 217209K [0x0000000080000000, 0x0000000100000000)
  region size 1024K, 4 young (4096K), 4 survivors (4096K)
 Metaspace       used 110360K, capacity 113806K, committed 113968K, reserved 1148928K
  class space    used 13414K, capacity 14630K, committed 14720K, reserved 1048576K
}
Event: 4127.900 GC heap before
{Heap before GC invocations=198 (full 0):
 garbage-first heap   total 382976K, used 256121K [0x0000000080000000, 0x0000000100000000)
  region size 1024K, 28 young (28672K), 4 survivors (4096K)
 Metaspace       used 110377K, capacity 113808K, committed 113968K, reserved 1148928K
  class space    used 13414K, capacity 14630K, committed 14720K, reserved 1048576K
}
Event: 4127.935 GC heap after
{Heap after GC invocations=199 (full 0):
 garbage-first heap   total 382976K, used 221948K [0x0000000080000000, 0x0000000100000000)
  region size 1024K, 4 young (4096K), 4 survivors (4096K)
 Metaspace       used 110377K, capacity 113808K, committed 113968K, reserved 1148928K
  class space    used 13414K, capacity 14630K, committed 14720K, reserved 1048576K
}
Event: 4137.344 GC heap before
{Heap before GC invocations=199 (full 0):
 garbage-first heap   total 382976K, used 246524K [0x0000000080000000, 0x0000000100000000)
  region size 1024K, 29 young (29696K), 4 survivors (4096K)
 Metaspace       used 110922K, capacity 114365K, committed 114608K, reserved 1148928K
  class space    used 13477K, capacity 14727K, committed 14848K, reserved 1048576K
}
Event: 4137.390 GC heap after
{Heap after GC invocations=200 (full 0):
 garbage-first heap   total 382976K, used 226728K [0x0000000080000000, 0x0000000100000000)
  region size 1024K, 4 young (4096K), 4 survivors (4096K)
 Metaspace       used 110922K, capacity 114365K, committed 114608K, reserved 1148928K
  class space    used 13477K, capacity 14727K, committed 14848K, reserved 1048576K
}
Event: 4138.690 GC heap before
{Heap before GC invocations=200 (full 0):
 garbage-first heap   total 382976K, used 258472K [0x0000000080000000, 0x0000000100000000)
  region size 1024K, 35 young (35840K), 4 survivors (4096K)
 Metaspace       used 111287K, capacity 114686K, committed 114864K, reserved 1148928K
  class space    used 13509K, capacity 14746K, committed 14848K, reserved 1048576K
}
Event: 4138.712 GC heap after
{Heap after GC invocations=201 (full 0):
 garbage-first heap   total 382976K, used 227376K [0x0000000080000000, 0x0000000100000000)
  region size 1024K, 1 young (1024K), 1 survivors (1024K)
 Metaspace       used 111287K, capacity 114686K, committed 114864K, reserved 1148928K
  class space    used 13509K, capacity 14746K, committed 14848K, reserved 1048576K
}
Event: 4140.750 GC heap before
{Heap before GC invocations=201 (full 0):
 garbage-first heap   total 382976K, used 270384K [0x0000000080000000, 0x0000000100000000)
  region size 1024K, 44 young (45056K), 1 survivors (1024K)
 Metaspace       used 112061K, capacity 115550K, committed 115760K, reserved 1150976K
  class space    used 13600K, capacity 14863K, committed 14976K, reserved 1048576K
}
Event: 4140.784 GC heap after
{Heap after GC invocations=202 (full 0):
 garbage-first heap   total 382976K, used 229427K [0x0000000080000000, 0x0000000100000000)
  region size 1024K, 3 young (3072K), 3 survivors (3072K)
 Metaspace       used 112061K, capacity 115550K, committed 115760K, reserved 1150976K
  class space    used 13600K, capacity 14863K, committed 14976K, reserved 1048576K
}
Event: 4142.043 GC heap before
{Heap before GC invocations=202 (full 0):
 garbage-first heap   total 382976K, used 276531K [0x0000000080000000, 0x0000000100000000)
  region size 1024K, 50 young (51200K), 3 survivors (3072K)
 Metaspace       used 112851K, capacity 116323K, committed 116528K, reserved 1150976K
  class space    used 13691K, capacity 14950K, committed 14976K, reserved 1048576K
}
Event: 4142.087 GC heap after
{Heap after GC invocations=203 (full 0):
 garbage-first heap   total 382976K, used 237048K [0x0000000080000000, 0x0000000100000000)
  region size 1024K, 7 young (7168K), 7 survivors (7168K)
 Metaspace       used 112851K, capacity 116323K, committed 116528K, reserved 1150976K
  class space    used 13691K, capacity 14950K, committed 14976K, reserved 1048576K
}
Event: 4146.891 GC heap before
{Heap before GC invocations=203 (full 0):
 garbage-first heap   total 382976K, used 294392K [0x0000000080000000, 0x0000000100000000)
  region size 1024K, 62 young (63488K), 7 survivors (7168K)
 Metaspace       used 119071K, capacity 122749K, committed 123056K, reserved 1157120K
  class space    used 14449K, capacity 15772K, committed 15872K, reserved 1048576K
}
Event: 4146.943 GC heap after
{Heap after GC invocations=204 (full 0):
 garbage-first heap   total 382976K, used 247808K [0x0000000080000000, 0x0000000100000000)
  region size 1024K, 8 young (8192K), 8 survivors (8192K)
 Metaspace       used 119071K, capacity 122749K, committed 123056K, reserved 1157120K
  class space    used 14449K, capacity 15772K, committed 15872K, reserved 1048576K
}
Event: 4150.372 GC heap before
{Heap before GC invocations=204 (full 0):
 garbage-first heap   total 382976K, used 303104K [0x0000000080000000, 0x0000000100000000)
  region size 1024K, 62 young (63488K), 8 survivors (8192K)
 Metaspace       used 121497K, capacity 125217K, committed 125360K, reserved 1159168K
  class space    used 14654K, capacity 16010K, committed 16128K, reserved 1048576K
}
Event: 4150.414 GC heap after
{Heap after GC invocations=205 (full 0):
 garbage-first heap   total 382976K, used 257008K [0x0000000080000000, 0x0000000100000000)
  region size 1024K, 8 young (8192K), 8 survivors (8192K)
 Metaspace       used 121497K, capacity 125217K, committed 125360K, reserved 1159168K
  class space    used 14654K, capacity 16010K, committed 16128K, reserved 1048576K
}
Event: 4822.827 GC heap before
{Heap before GC invocations=205 (full 0):
 garbage-first heap   total 382976K, used 310256K [0x0000000080000000, 0x0000000100000000)
  region size 1024K, 60 young (61440K), 8 survivors (8192K)
 Metaspace       used 121889K, capacity 125647K, committed 125872K, reserved 1159168K
  class space    used 14674K, capacity 16022K, committed 16128K, reserved 1048576K
}
Event: 4823.574 GC heap after
{Heap after GC invocations=206 (full 0):
 garbage-first heap   total 382976K, used 261838K [0x0000000080000000, 0x0000000100000000)
  region size 1024K, 5 young (5120K), 5 survivors (5120K)
 Metaspace       used 121889K, capacity 125647K, committed 125872K, reserved 1159168K
  class space    used 14674K, capacity 16022K, committed 16128K, reserved 1048576K
}
Event: 4834.058 GC heap before
{Heap before GC invocations=206 (full 0):
 garbage-first heap   total 382976K, used 306894K [0x0000000080000000, 0x0000000100000000)
  region size 1024K, 48 young (49152K), 5 survivors (5120K)
 Metaspace       used 121952K, capacity 125649K, committed 125872K, reserved 1159168K
  class space    used 14675K, capacity 16022K, committed 16128K, reserved 1048576K
}
Event: 4834.181 GC heap after
{Heap after GC invocations=207 (full 0):
 garbage-first heap   total 382976K, used 274432K [0x0000000080000000, 0x0000000100000000)
  region size 1024K, 6 young (6144K), 6 survivors (6144K)
 Metaspace       used 121952K, capacity 125649K, committed 125872K, reserved 1159168K
  class space    used 14675K, capacity 16022K, committed 16128K, reserved 1048576K
}

